[14:44:52] [main/INFO] (FabricLoader/GameProvider) Loading Minecraft 1.21.3 with Fabric Loader 0.16.9
[14:44:52] [main/INFO] (FabricLoader) Loading 54 mods:
	- customweapons 1.0.0
	- fabric-api 0.108.0+1.21.3
	- fabric-api-base 0.4.49+fd37071f40
	- fabric-api-lookup-api-v1 1.6.80+fd37071f40
	- fabric-biome-api-v1 14.0.6+fd37071f40
	- fabric-block-api-v1 1.0.28+fd37071f40
	- fabric-block-view-api-v2 1.0.16+fd37071f40
	- fabric-blockrenderlayer-v1 2.0.3+fd37071f40
	- fabric-client-tags-api-v1 1.1.23+fd37071f40
	- fabric-command-api-v1 1.2.57+f71b366f40
	- fabric-command-api-v2 2.2.36+fd37071f40
	- fabric-commands-v0 0.2.74+df3654b340
	- fabric-content-registries-v0 9.1.7+fd37071f40
	- fabric-convention-tags-v1 2.1.2+7f945d5b40
	- fabric-convention-tags-v2 2.9.2+84ebbb0e40
	- fabric-crash-report-info-v1 0.3.3+fd37071f40
	- fabric-data-attachment-api-v1 1.3.0+e9d2cfc840
	- fabric-data-generation-api-v1 21.0.16+fd37071f40
	- fabric-dimensions-v1 4.0.7+fd37071f40
	- fabric-entity-events-v1 2.0.7+825023f840
	- fabric-events-interaction-v0 2.0.11+c2c3ac4740
	- fabric-game-rule-api-v1 1.0.59+fd37071f40
	- fabric-gametest-api-v1 2.0.14+fd37071f40
	- fabric-item-api-v1 11.1.6+fd37071f40
	- fabric-item-group-api-v1 4.1.16+fd37071f40
	- fabric-key-binding-api-v1 1.0.53+fd37071f40
	- fabric-keybindings-v0 0.2.51+df3654b340
	- fabric-lifecycle-events-v1 2.5.0+6da5ef6940
	- fabric-loot-api-v2 3.0.25+3f89f5a540
	- fabric-loot-api-v3 1.0.13+fd37071f40
	- fabric-message-api-v1 6.0.20+fd37071f40
	- fabric-model-loading-api-v1 3.0.8+fd37071f40
	- fabric-networking-api-v1 4.3.4+fd37071f40
	- fabric-object-builder-api-v1 17.0.8+fd37071f40
	- fabric-particles-v1 4.0.9+fd37071f40
	- fabric-recipe-api-v1 7.0.3+fd37071f40
	- fabric-registry-sync-v0 5.2.1+fd37071f40
	- fabric-renderer-api-v1 4.0.4+fd37071f40
	- fabric-renderer-indigo 1.9.4+fd37071f40
	- fabric-rendering-data-attachment-v1 0.3.54+73761d2e40
	- fabric-rendering-fluids-v1 3.1.14+fd37071f40
	- fabric-rendering-v0 1.1.82+df3654b340
	- fabric-rendering-v1 8.0.6+fd37071f40
	- fabric-resource-conditions-api-v1 5.0.8+fd37071f40
	- fabric-resource-loader-v0 3.0.6+fd37071f40
	- fabric-screen-api-v1 2.0.33+fd37071f40
	- fabric-screen-handler-api-v1 1.3.99+fd37071f40
	- fabric-sound-api-v1 1.0.29+fd37071f40
	- fabric-transfer-api-v1 5.4.2+fd37071f40
	- fabric-transitive-access-wideners-v1 6.1.8+fd37071f40
	- fabricloader 0.16.9
	- java 22
	- minecraft 1.21.3
	- mixinextras 0.4.1
[14:44:52] [main/INFO] (FabricLoader/Mixin) SpongePowered MIXIN Subsystem Version=0.8.7 Source=file:/C:/Users/Maest/.gradle/caches/modules-2/files-2.1/net.fabricmc/sponge-mixin/0.15.4+mixin.0.8.7/6a12aacc794f1078458433116e9ed42c1cc98096/sponge-mixin-0.15.4+mixin.0.8.7.jar Service=Knot/Fabric Env=CLIENT
[14:44:53] [main/INFO] (FabricLoader/Mixin) Loaded Fabric development mappings for mixin remapper!
[14:44:53] [main/INFO] (FabricLoader/Mixin) Compatibility level set to JAVA_21
[14:44:55] [main/INFO] (FabricLoader/MixinExtras|Service) Initializing MixinExtras via com.llamalad7.mixinextras.service.MixinExtrasServiceImpl(version=0.4.1).
[14:44:56] [Datafixer Bootstrap/INFO] (Minecraft) 237 Datafixer optimizations took 464 milliseconds
[14:45:02] [Render thread/INFO] (Minecraft) Environment: Environment[sessionHost=https://sessionserver.mojang.com, servicesHost=https://api.minecraftservices.com, name=PROD]
[14:45:02] [Render thread/INFO] (Minecraft) Setting user: Player273
[14:45:02] [Render thread/INFO] (customweapons) Loading...
[14:45:03] [Render thread/INFO] (Indigo) [Indigo] Registering Indigo renderer!
[14:45:03] [Render thread/INFO] (Minecraft) Backend library: LWJGL version 3.3.3-snapshot
[14:45:05] [Render thread/INFO] (Minecraft) Reloading ResourceManager: vanilla, fabric, customweapons, fabric-api, fabric-api-base, fabric-api-lookup-api-v1, fabric-biome-api-v1, fabric-block-api-v1, fabric-block-view-api-v2, fabric-blockrenderlayer-v1, fabric-client-tags-api-v1, fabric-command-api-v1, fabric-command-api-v2, fabric-commands-v0, fabric-content-registries-v0, fabric-convention-tags-v1, fabric-convention-tags-v2, fabric-crash-report-info-v1, fabric-data-attachment-api-v1, fabric-data-generation-api-v1, fabric-dimensions-v1, fabric-entity-events-v1, fabric-events-interaction-v0, fabric-game-rule-api-v1, fabric-gametest-api-v1, fabric-item-api-v1, fabric-item-group-api-v1, fabric-key-binding-api-v1, fabric-keybindings-v0, fabric-lifecycle-events-v1, fabric-loot-api-v2, fabric-loot-api-v3, fabric-message-api-v1, fabric-model-loading-api-v1, fabric-networking-api-v1, fabric-object-builder-api-v1, fabric-particles-v1, fabric-recipe-api-v1, fabric-registry-sync-v0, fabric-renderer-api-v1, fabric-renderer-indigo, fabric-rendering-data-attachment-v1, fabric-rendering-fluids-v1, fabric-rendering-v0, fabric-rendering-v1, fabric-resource-conditions-api-v1, fabric-resource-loader-v0, fabric-screen-api-v1, fabric-screen-handler-api-v1, fabric-sound-api-v1, fabric-transfer-api-v1, fabric-transitive-access-wideners-v1, fabricloader
[14:45:05] [Worker-Main-4/INFO] (Minecraft) Found unifont_jp_patch-15.1.05.hex, loading
[14:45:05] [Worker-Main-3/INFO] (Minecraft) Found unifont_all_no_pua-15.1.05.hex, loading
[14:45:07] [Render thread/WARN] (Minecraft) Missing sound for event: minecraft:block.spawner.fall
[14:45:09] [Render thread/INFO] (Minecraft) OpenAL initialized on device OpenAL Soft on Speaker (Realtek(R) Audio)
[14:45:09] [Render thread/INFO] (Minecraft) Sound engine started
[14:45:09] [Render thread/INFO] (Minecraft) Created: 1024x512x4 minecraft:textures/atlas/blocks.png-atlas
[14:45:10] [Render thread/INFO] (Minecraft) Created: 256x256x4 minecraft:textures/atlas/signs.png-atlas
[14:45:10] [Render thread/INFO] (Minecraft) Created: 512x512x4 minecraft:textures/atlas/banner_patterns.png-atlas
[14:45:10] [Render thread/INFO] (Minecraft) Created: 512x512x4 minecraft:textures/atlas/shield_patterns.png-atlas
[14:45:10] [Render thread/INFO] (Minecraft) Created: 1024x1024x4 minecraft:textures/atlas/armor_trims.png-atlas
[14:45:12] [Render thread/INFO] (Minecraft) Created: 256x256x4 minecraft:textures/atlas/chest.png-atlas
[14:45:12] [Render thread/INFO] (Minecraft) Created: 128x64x4 minecraft:textures/atlas/decorated_pot.png-atlas
[14:45:12] [Render thread/INFO] (Minecraft) Created: 512x256x4 minecraft:textures/atlas/shulker_boxes.png-atlas
[14:45:12] [Render thread/INFO] (Minecraft) Created: 512x256x4 minecraft:textures/atlas/beds.png-atlas
[14:45:13] [Render thread/INFO] (Minecraft) Created: 64x64x0 minecraft:textures/atlas/map_decorations.png-atlas
[14:45:13] [Render thread/INFO] (Minecraft) Created: 512x256x0 minecraft:textures/atlas/particles.png-atlas
[14:45:13] [Render thread/INFO] (Minecraft) Created: 512x256x0 minecraft:textures/atlas/paintings.png-atlas
[14:45:13] [Render thread/INFO] (Minecraft) Created: 256x128x0 minecraft:textures/atlas/mob_effects.png-atlas
[14:45:13] [Render thread/INFO] (Minecraft) Created: 1024x512x0 minecraft:textures/atlas/gui.png-atlas
[14:45:18] [Render thread/INFO] (Minecraft) Loaded 1351 recipes
[14:45:18] [Render thread/INFO] (Minecraft) Loaded 1462 advancements
[14:45:24] [Render thread/INFO] (BiomeModificationImpl) Applied 53 biome modifications to 53 of 64 new biomes in 11.88 ms
[14:45:24] [Server thread/INFO] (Minecraft) Starting integrated minecraft server version 1.21.3
[14:45:24] [Server thread/INFO] (Minecraft) Generating keypair
[14:45:26] [Server thread/INFO] (Minecraft) Preparing start region for dimension minecraft:overworld
[14:45:26] [Render thread/INFO] (Minecraft) Preparing spawn area: 2%
[14:45:27] [Render thread/INFO] (Minecraft) Preparing spawn area: 2%
[14:45:27] [Render thread/INFO] (Minecraft) Preparing spawn area: 18%
[14:45:28] [Render thread/INFO] (Minecraft) Preparing spawn area: 18%
[14:45:28] [Render thread/INFO] (Minecraft) Preparing spawn area: 24%
[14:45:29] [Render thread/INFO] (Minecraft) Preparing spawn area: 51%
[14:45:29] [Render thread/INFO] (Minecraft) Preparing spawn area: 51%
[14:45:30] [Render thread/INFO] (Minecraft) Time elapsed: 3609 ms
[14:45:30] [Server thread/WARN] (TranslationConventionLogWarnings) 
	Dev warning - Untranslated Item Tags detected. Please translate your item tags so other mods such as recipe viewers can properly display your tag's name.
	The format desired is tag.item.<namespace>.<path> for the translation key with slashes in path turned into periods.
	To disable this message, set this system property in your runs: `-Dfabric-tag-conventions-v2.missingTagTranslationWarning=SILENCED`.
	To see individual untranslated item tags found, set the system property to `-Dfabric-tag-conventions-v2.missingTagTranslationWarning=VERBOSE`.
	Default is `SHORT`.

[14:45:30] [Server thread/INFO] (Minecraft) Changing view distance to 12, from 10
[14:45:30] [Server thread/INFO] (Minecraft) Changing simulation distance to 12, from 0
[14:45:32] [Server thread/INFO] (Minecraft) Player273[local:E:d4eaa085] logged in with entity id 61 at (-9.5, 72.0, 5.5)
[14:45:32] [Server thread/INFO] (Minecraft) Player273 joined the game
[14:45:32] [Render thread/INFO] (Minecraft) Loaded 2 advancements
[14:45:48] [Render thread/INFO] (Minecraft) Loaded 38 advancements
[14:45:48] [Render thread/INFO] (Minecraft) Loaded 41 advancements
[14:45:51] [Render thread/INFO] (Minecraft) Loaded 50 advancements
[14:46:01] [Render thread/INFO] (Minecraft) Loaded 51 advancements
[14:46:26] [Render thread/INFO] (Minecraft) Loaded 58 advancements
[14:46:29] [Server thread/INFO] (Minecraft) Saving and pausing game...
[14:46:29] [Server thread/INFO] (Minecraft) Saving chunks for level 'ServerLevel[Mod]'/minecraft:overworld
[14:46:29] [Server thread/INFO] (Minecraft) Saving chunks for level 'ServerLevel[Mod]'/minecraft:the_end
[14:46:29] [Server thread/INFO] (Minecraft) Saving chunks for level 'ServerLevel[Mod]'/minecraft:the_nether
[14:46:30] [Server thread/INFO] (Minecraft) Player273 lost connection: Disconnected
[14:46:30] [Server thread/INFO] (Minecraft) Player273 left the game
[14:46:30] [Server thread/INFO] (Minecraft) Stopping singleplayer server as player logged out
[14:46:30] [Server thread/INFO] (Minecraft) Stopping server
[14:46:30] [Server thread/INFO] (Minecraft) Saving players
[14:46:30] [Server thread/INFO] (Minecraft) Saving worlds
[14:46:31] [Server thread/INFO] (Minecraft) Saving chunks for level 'ServerLevel[Mod]'/minecraft:overworld
[14:46:33] [Server thread/INFO] (Minecraft) Saving chunks for level 'ServerLevel[Mod]'/minecraft:the_end
[14:46:33] [Server thread/INFO] (Minecraft) Saving chunks for level 'ServerLevel[Mod]'/minecraft:the_nether
[14:46:33] [Server thread/INFO] (Minecraft) ThreadedAnvilChunkStorage (Mod): All chunks are saved
[14:46:33] [Server thread/INFO] (Minecraft) ThreadedAnvilChunkStorage (DIM1): All chunks are saved
[14:46:33] [Server thread/INFO] (Minecraft) ThreadedAnvilChunkStorage (DIM-1): All chunks are saved
[14:46:33] [Server thread/INFO] (Minecraft) ThreadedAnvilChunkStorage: All dimensions are saved
[14:46:34] [Render thread/INFO] (Minecraft) Stopping!
